{"/Users/jasonwilliam/Desktop/fullstack web/fullstack-webApp-For-TestAndSecurity/src/server/authenticate.js": {"path":"/Users/jasonwilliam/Desktop/fullstack web/fullstack-webApp-For-TestAndSecurity/src/server/authenticate.js","statementMap":{"0":{"start":{"line":6,"column":29},"end":{"line":6,"column":31}},"1":{"start":{"line":9,"column":35},"end":{"line":68,"column":1}},"2":{"start":{"line":10,"column":4},"end":{"line":36,"column":7}},"3":{"start":{"line":11,"column":37},"end":{"line":11,"column":45}},"4":{"start":{"line":12,"column":17},"end":{"line":12,"column":34}},"5":{"start":{"line":13,"column":25},"end":{"line":13,"column":47}},"6":{"start":{"line":15,"column":19},"end":{"line":15,"column":60}},"7":{"start":{"line":16,"column":8},"end":{"line":18,"column":9}},"8":{"start":{"line":17,"column":12},"end":{"line":17,"column":58}},"9":{"start":{"line":20,"column":19},"end":{"line":20,"column":32}},"10":{"start":{"line":21,"column":30},"end":{"line":21,"column":56}},"11":{"start":{"line":22,"column":8},"end":{"line":24,"column":9}},"12":{"start":{"line":23,"column":12},"end":{"line":23,"column":62}},"13":{"start":{"line":26,"column":20},"end":{"line":26,"column":26}},"14":{"start":{"line":28,"column":8},"end":{"line":31,"column":11}},"15":{"start":{"line":33,"column":20},"end":{"line":33,"column":49}},"16":{"start":{"line":35,"column":8},"end":{"line":35,"column":32}},"17":{"start":{"line":38,"column":4},"end":{"line":67,"column":7}},"18":{"start":{"line":39,"column":34},"end":{"line":39,"column":42}},"19":{"start":{"line":40,"column":8},"end":{"line":40,"column":39}},"20":{"start":{"line":41,"column":17},"end":{"line":41,"column":34}},"21":{"start":{"line":42,"column":25},"end":{"line":42,"column":47}},"22":{"start":{"line":43,"column":19},"end":{"line":43,"column":60}},"23":{"start":{"line":44,"column":8},"end":{"line":47,"column":9}},"24":{"start":{"line":45,"column":12},"end":{"line":45,"column":92}},"25":{"start":{"line":46,"column":12},"end":{"line":46,"column":19}},"26":{"start":{"line":49,"column":21},"end":{"line":49,"column":27}},"27":{"start":{"line":50,"column":22},"end":{"line":50,"column":28}},"28":{"start":{"line":52,"column":8},"end":{"line":56,"column":11}},"29":{"start":{"line":58,"column":8},"end":{"line":62,"column":11}},"30":{"start":{"line":64,"column":20},"end":{"line":64,"column":70}},"31":{"start":{"line":66,"column":8},"end":{"line":66,"column":45}}},"fnMap":{"0":{"name":"(anonymous_0)","decl":{"start":{"line":9,"column":35},"end":{"line":9,"column":36}},"loc":{"start":{"line":9,"column":42},"end":{"line":68,"column":1}},"line":9},"1":{"name":"(anonymous_1)","decl":{"start":{"line":10,"column":29},"end":{"line":10,"column":30}},"loc":{"start":{"line":10,"column":46},"end":{"line":36,"column":5}},"line":10},"2":{"name":"(anonymous_2)","decl":{"start":{"line":38,"column":28},"end":{"line":38,"column":29}},"loc":{"start":{"line":38,"column":44},"end":{"line":67,"column":5}},"line":38}},"branchMap":{"0":{"loc":{"start":{"line":16,"column":8},"end":{"line":18,"column":9}},"type":"if","locations":[{"start":{"line":16,"column":8},"end":{"line":18,"column":9}},{"start":{},"end":{}}],"line":16},"1":{"loc":{"start":{"line":22,"column":8},"end":{"line":24,"column":9}},"type":"if","locations":[{"start":{"line":22,"column":8},"end":{"line":24,"column":9}},{"start":{},"end":{}}],"line":22},"2":{"loc":{"start":{"line":44,"column":8},"end":{"line":47,"column":9}},"type":"if","locations":[{"start":{"line":44,"column":8},"end":{"line":47,"column":9}},{"start":{},"end":{}}],"line":44}},"s":{"0":2,"1":2,"2":2,"3":3,"4":3,"5":3,"6":3,"7":3,"8":0,"9":3,"10":3,"11":3,"12":1,"13":2,"14":2,"15":2,"16":2,"17":2,"18":0,"19":0,"20":0,"21":0,"22":0,"23":0,"24":0,"25":0,"26":0,"27":0,"28":0,"29":0,"30":0,"31":0},"f":{"0":2,"1":3,"2":0},"b":{"0":[0,3],"1":[1,2],"2":[0,0]},"_coverageSchema":"1a1c01bbd47fc00a2c39e90264f33305004495a9","hash":"90037b8bd887afa593cb0aeaa81f6fa8544f5b13"}
,"/Users/jasonwilliam/Desktop/fullstack web/fullstack-webApp-For-TestAndSecurity/src/server/communicate-db.js": {"path":"/Users/jasonwilliam/Desktop/fullstack web/fullstack-webApp-For-TestAndSecurity/src/server/communicate-db.js","statementMap":{"0":{"start":{"line":3,"column":26},"end":{"line":7,"column":1}},"1":{"start":{"line":4,"column":13},"end":{"line":4,"column":30}},"2":{"start":{"line":5,"column":21},"end":{"line":5,"column":43}},"3":{"start":{"line":6,"column":4},"end":{"line":6,"column":37}},"4":{"start":{"line":9,"column":26},"end":{"line":22,"column":1}},"5":{"start":{"line":10,"column":37},"end":{"line":10,"column":41}},"6":{"start":{"line":11,"column":13},"end":{"line":11,"column":30}},"7":{"start":{"line":12,"column":21},"end":{"line":12,"column":43}},"8":{"start":{"line":13,"column":4},"end":{"line":15,"column":5}},"9":{"start":{"line":14,"column":8},"end":{"line":14,"column":56}},"10":{"start":{"line":16,"column":4},"end":{"line":18,"column":5}},"11":{"start":{"line":17,"column":8},"end":{"line":17,"column":55}},"12":{"start":{"line":19,"column":4},"end":{"line":21,"column":5}},"13":{"start":{"line":20,"column":8},"end":{"line":20,"column":61}}},"fnMap":{"0":{"name":"(anonymous_0)","decl":{"start":{"line":3,"column":26},"end":{"line":3,"column":27}},"loc":{"start":{"line":3,"column":38},"end":{"line":7,"column":1}},"line":3},"1":{"name":"(anonymous_1)","decl":{"start":{"line":9,"column":26},"end":{"line":9,"column":27}},"loc":{"start":{"line":9,"column":38},"end":{"line":22,"column":1}},"line":9}},"branchMap":{"0":{"loc":{"start":{"line":13,"column":4},"end":{"line":15,"column":5}},"type":"if","locations":[{"start":{"line":13,"column":4},"end":{"line":15,"column":5}},{"start":{},"end":{}}],"line":13},"1":{"loc":{"start":{"line":16,"column":4},"end":{"line":18,"column":5}},"type":"if","locations":[{"start":{"line":16,"column":4},"end":{"line":18,"column":5}},{"start":{},"end":{}}],"line":16},"2":{"loc":{"start":{"line":19,"column":4},"end":{"line":21,"column":5}},"type":"if","locations":[{"start":{"line":19,"column":4},"end":{"line":21,"column":5}},{"start":{},"end":{}}],"line":19}},"s":{"0":2,"1":2,"2":2,"3":2,"4":2,"5":2,"6":1,"7":1,"8":1,"9":0,"10":1,"11":1,"12":1,"13":1},"f":{"0":2,"1":2},"b":{"0":[0,1],"1":[1,0],"2":[1,0]},"_coverageSchema":"1a1c01bbd47fc00a2c39e90264f33305004495a9","hash":"ba94f7ca5a5cb460b229383c92176c7603fc8f37"}
,"/Users/jasonwilliam/Desktop/fullstack web/fullstack-webApp-For-TestAndSecurity/src/server/connect-db.js": {"path":"/Users/jasonwilliam/Desktop/fullstack web/fullstack-webApp-For-TestAndSecurity/src/server/connect-db.js","statementMap":{"0":{"start":{"line":2,"column":12},"end":{"line":2,"column":76}},"1":{"start":{"line":3,"column":9},"end":{"line":3,"column":13}},"2":{"start":{"line":4,"column":13},"end":{"line":4,"column":17}},"3":{"start":{"line":7,"column":4},"end":{"line":7,"column":22}},"4":{"start":{"line":7,"column":12},"end":{"line":7,"column":22}},"5":{"start":{"line":8,"column":4},"end":{"line":11,"column":7}},"6":{"start":{"line":12,"column":4},"end":{"line":12,"column":21}},"7":{"start":{"line":13,"column":4},"end":{"line":13,"column":14}},"8":{"start":{"line":17,"column":4},"end":{"line":21,"column":5}},"9":{"start":{"line":18,"column":8},"end":{"line":18,"column":29}},"10":{"start":{"line":19,"column":8},"end":{"line":19,"column":18}},"11":{"start":{"line":20,"column":8},"end":{"line":20,"column":22}}},"fnMap":{"0":{"name":"connectDB","decl":{"start":{"line":6,"column":22},"end":{"line":6,"column":31}},"loc":{"start":{"line":6,"column":33},"end":{"line":14,"column":1}},"line":6},"1":{"name":"closeDB","decl":{"start":{"line":16,"column":22},"end":{"line":16,"column":29}},"loc":{"start":{"line":16,"column":32},"end":{"line":22,"column":1}},"line":16}},"branchMap":{"0":{"loc":{"start":{"line":2,"column":12},"end":{"line":2,"column":76}},"type":"binary-expr","locations":[{"start":{"line":2,"column":12},"end":{"line":2,"column":35}},{"start":{"line":2,"column":39},"end":{"line":2,"column":76}}],"line":2},"1":{"loc":{"start":{"line":7,"column":4},"end":{"line":7,"column":22}},"type":"if","locations":[{"start":{"line":7,"column":4},"end":{"line":7,"column":22}},{"start":{},"end":{}}],"line":7},"2":{"loc":{"start":{"line":17,"column":4},"end":{"line":21,"column":5}},"type":"if","locations":[{"start":{"line":17,"column":4},"end":{"line":21,"column":5}},{"start":{},"end":{}}],"line":17}},"s":{"0":2,"1":2,"2":2,"3":14,"4":10,"5":4,"6":4,"7":4,"8":1,"9":1,"10":1,"11":1},"f":{"0":14,"1":1},"b":{"0":[2,2],"1":[10,4],"2":[1,0]},"_coverageSchema":"1a1c01bbd47fc00a2c39e90264f33305004495a9","hash":"83885b5cb8126e0f4bb433d9ac38d7a3ffee78c6"}
,"/Users/jasonwilliam/Desktop/fullstack web/fullstack-webApp-For-TestAndSecurity/src/server/defaultState.js": {"path":"/Users/jasonwilliam/Desktop/fullstack web/fullstack-webApp-For-TestAndSecurity/src/server/defaultState.js","statementMap":{"0":{"start":{"line":2,"column":28},"end":{"line":65,"column":1}}},"fnMap":{},"branchMap":{},"s":{"0":2},"f":{},"b":{},"_coverageSchema":"1a1c01bbd47fc00a2c39e90264f33305004495a9","hash":"77a177d91e0653497deedbb7d74c36f47e16cc9d"}
,"/Users/jasonwilliam/Desktop/fullstack web/fullstack-webApp-For-TestAndSecurity/src/server/initialize-db.js": {"path":"/Users/jasonwilliam/Desktop/fullstack web/fullstack-webApp-For-TestAndSecurity/src/server/initialize-db.js","statementMap":{"0":{"start":{"line":6,"column":0},"end":{"line":15,"column":5}},"1":{"start":{"line":7,"column":13},"end":{"line":7,"column":30}},"2":{"start":{"line":8,"column":15},"end":{"line":8,"column":62}},"3":{"start":{"line":9,"column":4},"end":{"line":14,"column":5}},"4":{"start":{"line":10,"column":8},"end":{"line":13,"column":9}},"5":{"start":{"line":11,"column":29},"end":{"line":11,"column":58}},"6":{"start":{"line":12,"column":12},"end":{"line":12,"column":70}}},"fnMap":{"0":{"name":"initializeDB","decl":{"start":{"line":6,"column":16},"end":{"line":6,"column":28}},"loc":{"start":{"line":6,"column":30},"end":{"line":15,"column":1}},"line":6}},"branchMap":{"0":{"loc":{"start":{"line":9,"column":4},"end":{"line":14,"column":5}},"type":"if","locations":[{"start":{"line":9,"column":4},"end":{"line":14,"column":5}},{"start":{},"end":{}}],"line":9}},"s":{"0":2,"1":2,"2":2,"3":2,"4":2,"5":8,"6":8},"f":{"0":2},"b":{"0":[2,0]},"_coverageSchema":"1a1c01bbd47fc00a2c39e90264f33305004495a9","hash":"665c486df7d69b760f1e780183a1283dca8dfe75"}
,"/Users/jasonwilliam/Desktop/fullstack web/fullstack-webApp-For-TestAndSecurity/src/server/server.js": {"path":"/Users/jasonwilliam/Desktop/fullstack web/fullstack-webApp-For-TestAndSecurity/src/server/server.js","statementMap":{"0":{"start":{"line":15,"column":11},"end":{"line":15,"column":35}},"1":{"start":{"line":16,"column":10},"end":{"line":16,"column":19}},"2":{"start":{"line":20,"column":0},"end":{"line":24,"column":2}},"3":{"start":{"line":26,"column":0},"end":{"line":26,"column":25}},"4":{"start":{"line":29,"column":0},"end":{"line":37,"column":1}},"5":{"start":{"line":30,"column":19},"end":{"line":30,"column":98}},"6":{"start":{"line":30,"column":42},"end":{"line":30,"column":97}},"7":{"start":{"line":32,"column":4},"end":{"line":36,"column":7}},"8":{"start":{"line":33,"column":8},"end":{"line":35,"column":11}},"9":{"start":{"line":34,"column":12},"end":{"line":34,"column":48}},"10":{"start":{"line":39,"column":0},"end":{"line":44,"column":1}},"11":{"start":{"line":40,"column":4},"end":{"line":40,"column":66}},"12":{"start":{"line":41,"column":4},"end":{"line":43,"column":7}},"13":{"start":{"line":42,"column":8},"end":{"line":42,"column":49}},"14":{"start":{"line":46,"column":0},"end":{"line":50,"column":3}},"15":{"start":{"line":48,"column":4},"end":{"line":48,"column":36}},"16":{"start":{"line":49,"column":4},"end":{"line":49,"column":27}},"17":{"start":{"line":54,"column":0},"end":{"line":58,"column":3}},"18":{"start":{"line":55,"column":13},"end":{"line":55,"column":30}},"19":{"start":{"line":56,"column":4},"end":{"line":56,"column":36}},"20":{"start":{"line":57,"column":4},"end":{"line":57,"column":27}},"21":{"start":{"line":60,"column":0},"end":{"line":66,"column":3}},"22":{"start":{"line":61,"column":18},"end":{"line":61,"column":34}},"23":{"start":{"line":62,"column":13},"end":{"line":62,"column":30}},"24":{"start":{"line":63,"column":21},"end":{"line":63,"column":46}},"25":{"start":{"line":64,"column":4},"end":{"line":64,"column":40}},"26":{"start":{"line":65,"column":4},"end":{"line":65,"column":27}},"27":{"start":{"line":68,"column":0},"end":{"line":68,"column":25}}},"fnMap":{"0":{"name":"(anonymous_0)","decl":{"start":{"line":30,"column":36},"end":{"line":30,"column":37}},"loc":{"start":{"line":30,"column":42},"end":{"line":30,"column":97}},"line":30},"1":{"name":"(anonymous_1)","decl":{"start":{"line":32,"column":26},"end":{"line":32,"column":27}},"loc":{"start":{"line":32,"column":32},"end":{"line":36,"column":5}},"line":32},"2":{"name":"(anonymous_2)","decl":{"start":{"line":33,"column":21},"end":{"line":33,"column":22}},"loc":{"start":{"line":33,"column":27},"end":{"line":35,"column":9}},"line":33},"3":{"name":"(anonymous_3)","decl":{"start":{"line":41,"column":17},"end":{"line":41,"column":18}},"loc":{"start":{"line":41,"column":28},"end":{"line":43,"column":5}},"line":41},"4":{"name":"(anonymous_4)","decl":{"start":{"line":46,"column":21},"end":{"line":46,"column":22}},"loc":{"start":{"line":46,"column":38},"end":{"line":50,"column":1}},"line":46},"5":{"name":"(anonymous_5)","decl":{"start":{"line":54,"column":24},"end":{"line":54,"column":25}},"loc":{"start":{"line":54,"column":41},"end":{"line":58,"column":1}},"line":54},"6":{"name":"(anonymous_6)","decl":{"start":{"line":60,"column":24},"end":{"line":60,"column":25}},"loc":{"start":{"line":60,"column":41},"end":{"line":66,"column":1}},"line":60}},"branchMap":{"0":{"loc":{"start":{"line":15,"column":11},"end":{"line":15,"column":35}},"type":"binary-expr","locations":[{"start":{"line":15,"column":11},"end":{"line":15,"column":27}},{"start":{"line":15,"column":31},"end":{"line":15,"column":35}}],"line":15},"1":{"loc":{"start":{"line":29,"column":0},"end":{"line":37,"column":1}},"type":"if","locations":[{"start":{"line":29,"column":0},"end":{"line":37,"column":1}},{"start":{},"end":{}}],"line":29},"2":{"loc":{"start":{"line":39,"column":0},"end":{"line":44,"column":1}},"type":"if","locations":[{"start":{"line":39,"column":0},"end":{"line":44,"column":1}},{"start":{},"end":{}}],"line":39}},"s":{"0":2,"1":2,"2":2,"3":2,"4":2,"5":0,"6":0,"7":0,"8":0,"9":0,"10":2,"11":0,"12":0,"13":0,"14":2,"15":2,"16":1,"17":2,"18":2,"19":2,"20":1,"21":2,"22":0,"23":0,"24":0,"25":0,"26":0,"27":2},"f":{"0":0,"1":0,"2":0,"3":0,"4":2,"5":2,"6":0},"b":{"0":[2,2],"1":[0,2],"2":[0,2]},"_coverageSchema":"1a1c01bbd47fc00a2c39e90264f33305004495a9","hash":"0cc953a2d622b638a6c04657e7cb2411ce25f9d5"}
,"/Users/jasonwilliam/Desktop/fullstack web/fullstack-webApp-For-TestAndSecurity/src/server/utility.js": {"path":"/Users/jasonwilliam/Desktop/fullstack web/fullstack-webApp-For-TestAndSecurity/src/server/utility.js","statementMap":{"0":{"start":{"line":4,"column":13},"end":{"line":4,"column":30}},"1":{"start":{"line":6,"column":16},"end":{"line":6,"column":76}},"2":{"start":{"line":7,"column":19},"end":{"line":7,"column":104}},"3":{"start":{"line":7,"column":83},"end":{"line":7,"column":90}},"4":{"start":{"line":8,"column":16},"end":{"line":11,"column":5}},"5":{"start":{"line":10,"column":81},"end":{"line":10,"column":88}},"6":{"start":{"line":13,"column":4},"end":{"line":19,"column":6}}},"fnMap":{"0":{"name":"assembleUserState","decl":{"start":{"line":3,"column":22},"end":{"line":3,"column":39}},"loc":{"start":{"line":3,"column":45},"end":{"line":20,"column":1}},"line":3},"1":{"name":"(anonymous_1)","decl":{"start":{"line":7,"column":77},"end":{"line":7,"column":78}},"loc":{"start":{"line":7,"column":83},"end":{"line":7,"column":90}},"line":7},"2":{"name":"(anonymous_2)","decl":{"start":{"line":10,"column":78},"end":{"line":10,"column":79}},"loc":{"start":{"line":10,"column":81},"end":{"line":10,"column":88}},"line":10}},"branchMap":{},"s":{"0":5,"1":5,"2":4,"3":2,"4":4,"5":6,"6":4},"f":{"0":5,"1":2,"2":6},"b":{},"_coverageSchema":"1a1c01bbd47fc00a2c39e90264f33305004495a9","hash":"e405bc032c23ee481905a87399def0934b8efaed"}
}
