TN:
SF:src/server/authenticate.js
FN:9,(anonymous_0)
FN:10,(anonymous_1)
FN:38,(anonymous_2)
FNF:3
FNH:2
FNDA:2,(anonymous_0)
FNDA:3,(anonymous_1)
FNDA:0,(anonymous_2)
DA:6,2
DA:9,2
DA:10,2
DA:11,3
DA:12,3
DA:13,3
DA:15,3
DA:16,3
DA:17,0
DA:20,3
DA:21,3
DA:22,3
DA:23,1
DA:26,2
DA:28,2
DA:33,2
DA:35,2
DA:38,2
DA:39,0
DA:40,0
DA:41,0
DA:42,0
DA:43,0
DA:44,0
DA:45,0
DA:46,0
DA:49,0
DA:50,0
DA:52,0
DA:58,0
DA:64,0
DA:66,0
LF:32
LH:17
BRDA:16,0,0,0
BRDA:16,0,1,3
BRDA:22,1,0,1
BRDA:22,1,1,2
BRDA:44,2,0,0
BRDA:44,2,1,0
BRF:6
BRH:3
end_of_record
TN:
SF:src/server/communicate-db.js
FN:3,(anonymous_0)
FN:9,(anonymous_1)
FNF:2
FNH:2
FNDA:2,(anonymous_0)
FNDA:2,(anonymous_1)
DA:3,2
DA:4,2
DA:5,2
DA:6,2
DA:9,2
DA:10,2
DA:11,1
DA:12,1
DA:13,1
DA:14,0
DA:16,1
DA:17,1
DA:19,1
DA:20,1
LF:14
LH:13
BRDA:13,0,0,0
BRDA:13,0,1,1
BRDA:16,1,0,1
BRDA:16,1,1,0
BRDA:19,2,0,1
BRDA:19,2,1,0
BRF:6
BRH:3
end_of_record
TN:
SF:src/server/connect-db.js
FN:6,connectDB
FN:16,closeDB
FNF:2
FNH:2
FNDA:14,connectDB
FNDA:1,closeDB
DA:2,2
DA:3,2
DA:4,2
DA:7,14
DA:8,4
DA:12,4
DA:13,4
DA:17,1
DA:18,1
DA:19,1
DA:20,1
LF:11
LH:11
BRDA:2,0,0,2
BRDA:2,0,1,2
BRDA:7,1,0,10
BRDA:7,1,1,4
BRDA:17,2,0,1
BRDA:17,2,1,0
BRF:6
BRH:5
end_of_record
TN:
SF:src/server/defaultState.js
FNF:0
FNH:0
DA:2,2
LF:1
LH:1
BRF:0
BRH:0
end_of_record
TN:
SF:src/server/initialize-db.js
FN:6,initializeDB
FNF:1
FNH:1
FNDA:2,initializeDB
DA:6,2
DA:7,2
DA:8,2
DA:9,2
DA:10,2
DA:11,8
DA:12,8
LF:7
LH:7
BRDA:9,0,0,2
BRDA:9,0,1,0
BRF:2
BRH:1
end_of_record
TN:
SF:src/server/server.js
FN:30,(anonymous_0)
FN:32,(anonymous_1)
FN:33,(anonymous_2)
FN:41,(anonymous_3)
FN:46,(anonymous_4)
FN:54,(anonymous_5)
FN:60,(anonymous_6)
FNF:7
FNH:2
FNDA:0,(anonymous_0)
FNDA:0,(anonymous_1)
FNDA:0,(anonymous_2)
FNDA:0,(anonymous_3)
FNDA:2,(anonymous_4)
FNDA:2,(anonymous_5)
FNDA:0,(anonymous_6)
DA:15,2
DA:16,2
DA:20,2
DA:26,2
DA:29,2
DA:30,0
DA:32,0
DA:33,0
DA:34,0
DA:39,2
DA:40,0
DA:41,0
DA:42,0
DA:46,2
DA:48,2
DA:49,1
DA:54,2
DA:55,2
DA:56,2
DA:57,1
DA:60,2
DA:61,0
DA:62,0
DA:63,0
DA:64,0
DA:65,0
DA:68,2
LF:27
LH:15
BRDA:15,0,0,2
BRDA:15,0,1,2
BRDA:29,1,0,0
BRDA:29,1,1,2
BRDA:39,2,0,0
BRDA:39,2,1,2
BRF:6
BRH:4
end_of_record
TN:
SF:src/server/utility.js
FN:3,assembleUserState
FN:7,(anonymous_1)
FN:10,(anonymous_2)
FNF:3
FNH:3
FNDA:5,assembleUserState
FNDA:2,(anonymous_1)
FNDA:6,(anonymous_2)
DA:4,5
DA:6,5
DA:7,4
DA:8,4
DA:10,6
DA:13,4
LF:6
LH:6
BRF:0
BRH:0
end_of_record
